<?xml version="1.0" encoding="UTF-8"?>
<testng-results ignored="0" total="1" passed="1" failed="0" skipped="0">
  <reporter-output>
  </reporter-output>
  <suite started-at="2023-11-02T16:06:56 EDT" name="com.target.TargetTest" finished-at="2023-11-02T16:06:56 EDT" duration-ms="51">
    <groups>
    </groups>
    <test started-at="2023-11-02T16:06:56 EDT" name="Command line test" finished-at="2023-11-02T16:06:56 EDT" duration-ms="51">
      <class name="com.target.TargetTest">
        <test-method signature="appTest()[pri:0, instance:com.target.TargetTest@2ea6137]" started-at="2023-11-02T16:06:56 EDT" name="appTest" finished-at="2023-11-02T16:06:56 EDT" duration-ms="7" status="PASS">
          <reporter-output>
          </reporter-output>
        </test-method> <!-- appTest -->
      </class> <!-- com.target.TargetTest -->
    </test> <!-- Command line test -->
  </suite> <!-- com.target.TargetTest -->
</testng-results>
